TN:
SF:src\router.ts
FN:22,(anonymous_0)
FN:33,(anonymous_1)
FNF:2
FNH:2
FNDA:4,(anonymous_0)
FNDA:7,(anonymous_1)
DA:1,2
DA:2,2
DA:3,2
DA:4,2
DA:6,2
DA:8,2
DA:9,2
DA:16,2
DA:22,4
DA:27,2
DA:33,7
DA:40,2
DA:47,2
DA:54,2
LF:14
LH:14
BRF:0
BRH:0
end_of_record
TN:
SF:src\server.ts
FN:8,connectDB
FN:25,(anonymous_2)
FNF:2
FNH:2
FNDA:3,connectDB
FNDA:1,(anonymous_2)
DA:1,2
DA:2,2
DA:4,2
DA:5,2
DA:8,2
DA:9,3
DA:10,3
DA:11,2
DA:12,2
DA:14,1
DA:17,2
DA:19,2
DA:21,2
DA:23,2
DA:25,2
DA:26,1
DA:29,2
LF:17
LH:17
BRF:0
BRH:0
end_of_record
TN:
SF:src\config\db.ts
FNF:0
FNH:0
DA:1,2
DA:2,2
DA:3,2
DA:6,2
DA:11,2
LF:5
LH:5
BRF:0
BRH:0
end_of_record
TN:
SF:src\handlers\product.ts
FN:4,(anonymous_1)
FN:9,(anonymous_2)
FN:22,(anonymous_3)
FN:28,(anonymous_4)
FN:44,(anonymous_5)
FN:58,(anonymous_6)
FNF:6
FNH:6
FNDA:2,(anonymous_1)
FNDA:2,(anonymous_2)
FNDA:1,(anonymous_3)
FNDA:2,(anonymous_4)
FNDA:2,(anonymous_5)
FNDA:2,(anonymous_6)
DA:2,2
DA:4,2
DA:5,2
DA:6,2
DA:9,2
DA:10,2
DA:13,2
DA:14,1
DA:19,1
DA:22,2
DA:23,1
DA:25,1
DA:28,2
DA:29,2
DA:32,2
DA:33,1
DA:38,1
DA:39,1
DA:41,1
DA:44,2
DA:45,2
DA:47,2
DA:48,1
DA:53,1
DA:54,1
DA:55,1
DA:58,2
DA:59,2
DA:61,2
DA:62,1
DA:67,1
DA:68,1
LF:32
LH:32
BRDA:13,0,0,1
BRDA:13,0,1,1
BRDA:32,1,0,1
BRDA:32,1,1,1
BRDA:47,2,0,1
BRDA:47,2,1,1
BRDA:61,3,0,1
BRDA:61,3,1,1
BRF:8
BRH:8
end_of_record
TN:
SF:src\middleware\index.ts
FN:4,(anonymous_0)
FNF:1
FNH:1
FNDA:20,(anonymous_0)
DA:2,2
DA:4,2
DA:5,20
DA:6,20
DA:7,11
DA:10,9
LF:6
LH:6
BRDA:6,0,0,11
BRDA:6,0,1,9
BRF:2
BRH:2
end_of_record
TN:
SF:src\models\Product.model.ts
FNF:0
FNH:0
DA:1,3
DA:7,3
DA:11,3
DA:16,3
DA:22,3
DA:25,3
LF:6
LH:6
BRF:0
BRH:0
end_of_record
